# Mix Platform System Log (Dynamic)
# بدء التسجيل: 2026-04-02
# صيغة السجل:
# [YYYY-MM-DD HH:MM:SS] [LEVEL] [MODULE] الرسالة

[2026-04-02 13:00:00] [INFO] [SYSTEM] Mix Platform Startup Initialized
[2026-04-02 13:00:05] [INFO] [CONFIG] Loading configuration from mix.config.json
[2026-04-02 13:00:06] [INFO] [BACKEND] Server started on port 3000
[2026-04-02 13:00:10] [INFO] [FRONTEND] Static files loaded
[2026-04-02 13:01:12] [INFO] [SYSTEM] Health check passed: Mix Platform Alive

# Social Module
[2026-04-02 13:02:05] [WARN] [SOCIAL] Social feed API returned empty data
[2026-04-02 13:02:15] [INFO] [SOCIAL] New post added by UserID=1023

# Store / Wallet
[2026-04-02 13:02:30] [ERROR] [WALLET] Failed to fetch wallet data: Connection timeout
[2026-04-02 13:03:00] [INFO] [WALLET] Transaction processed: +50 MIX
[2026-04-02 13:03:20] [INFO] [STORE] Store items loaded successfully

# Games Module
[2026-04-02 13:05:42] [INFO] [GAMES] Games module loaded
[2026-04-02 13:05:50] [INFO] [GAMES] Bitcoin game session started: UserID=1023

# Metaverse
[2026-04-02 13:06:10] [INFO] [METAVERSE] Assets preloaded
[2026-04-02 13:06:35] [WARN] [GPS] GPS signal weak
[2026-04-02 13:06:40] [INFO] [METAVERSE] User entered Metaverse World: UserID=1023

# Matrix Chat
[2026-04-02 13:07:00] [INFO] [MATRIX] Chat rooms initialized
[2026-04-02 13:07:15] [INFO] [MATRIX] Message sent: UserID=1023
[2026-04-02 13:07:22] [ERROR] [AI] AI module failed: Timeout

# Autosave & System
[2026-04-02 13:08:00] [INFO] [SYSTEM] Data autosave completed
[2026-04-02 13:10:12] [INFO] [SYSTEM] Mix Platform system running normally
